{"/Volumes/Source Control/Code/coles-demo/challengekit-ts/src/index.ts": {"path":"/Volumes/Source Control/Code/coles-demo/challengekit-ts/src/index.ts","statementMap":{"0":{"start":{"line":1,"column":0},"end":{"line":1,"column":20}},"1":{"start":{"line":2,"column":0},"end":{"line":2,"column":24}},"2":{"start":{"line":6,"column":2},"end":{"line":12,"column":null}},"3":{"start":{"line":7,"column":17},"end":{"line":7,"column":71}},"4":{"start":{"line":9,"column":4},"end":{"line":9,"column":25}},"5":{"start":{"line":11,"column":4},"end":{"line":11,"column":17}},"6":{"start":{"line":5,"column":0},"end":{"line":5,"column":7}},"7":{"start":{"line":17,"column":21},"end":{"line":17,"column":53}},"8":{"start":{"line":19,"column":2},"end":{"line":21,"column":null}},"9":{"start":{"line":20,"column":4},"end":{"line":20,"column":43}},"10":{"start":{"line":23,"column":23},"end":{"line":24,"column":null}},"11":{"start":{"line":27,"column":2},"end":{"line":27,"column":33}},"12":{"start":{"line":16,"column":0},"end":{"line":16,"column":7}},"13":{"start":{"line":31,"column":2},"end":{"line":34,"column":21}},"14":{"start":{"line":33,"column":19},"end":{"line":33,"column":30}},"15":{"start":{"line":30,"column":0},"end":{"line":30,"column":16}},"16":{"start":{"line":39,"column":2},"end":{"line":39,"column":66}},"17":{"start":{"line":39,"column":42},"end":{"line":39,"column":64}},"18":{"start":{"line":38,"column":0},"end":{"line":38,"column":16}},"19":{"start":{"line":44,"column":42},"end":{"line":44,"column":50}},"20":{"start":{"line":46,"column":18},"end":{"line":46,"column":40}},"21":{"start":{"line":48,"column":2},"end":{"line":60,"column":5}},"22":{"start":{"line":49,"column":19},"end":{"line":49,"column":34}},"23":{"start":{"line":51,"column":4},"end":{"line":59,"column":11}},"24":{"start":{"line":52,"column":6},"end":{"line":56,"column":null}},"25":{"start":{"line":53,"column":8},"end":{"line":53,"column":43}},"26":{"start":{"line":55,"column":8},"end":{"line":55,"column":29}},"27":{"start":{"line":58,"column":6},"end":{"line":58,"column":17}},"28":{"start":{"line":43,"column":0},"end":{"line":43,"column":16}},"29":{"start":{"line":65,"column":21},"end":{"line":65,"column":53}},"30":{"start":{"line":67,"column":2},"end":{"line":69,"column":null}},"31":{"start":{"line":68,"column":4},"end":{"line":68,"column":43}},"32":{"start":{"line":71,"column":2},"end":{"line":74,"column":4}},"33":{"start":{"line":64,"column":0},"end":{"line":64,"column":7}}},"fnMap":{"0":{"name":"validateFilePath","decl":{"start":{"line":5,"column":22},"end":{"line":5,"column":38}},"loc":{"start":{"line":5,"column":55},"end":{"line":13,"column":1}}},"1":{"name":"readCSV","decl":{"start":{"line":16,"column":22},"end":{"line":16,"column":29}},"loc":{"start":{"line":16,"column":46},"end":{"line":28,"column":1}}},"2":{"name":"splitByLine","decl":{"start":{"line":30,"column":16},"end":{"line":30,"column":27}},"loc":{"start":{"line":30,"column":41},"end":{"line":35,"column":1}}},"3":{"name":"(anonymous_4)","decl":{"start":{"line":33,"column":9},"end":{"line":33,"column":10}},"loc":{"start":{"line":33,"column":19},"end":{"line":33,"column":30}}},"4":{"name":"getHeaders","decl":{"start":{"line":38,"column":16},"end":{"line":38,"column":26}},"loc":{"start":{"line":38,"column":39},"end":{"line":40,"column":1}}},"5":{"name":"(anonymous_6)","decl":{"start":{"line":39,"column":32},"end":{"line":39,"column":33}},"loc":{"start":{"line":39,"column":42},"end":{"line":39,"column":64}}},"6":{"name":"mapCSV","decl":{"start":{"line":43,"column":16},"end":{"line":43,"column":22}},"loc":{"start":{"line":43,"column":41},"end":{"line":61,"column":1}}},"7":{"name":"(anonymous_8)","decl":{"start":{"line":48,"column":28},"end":{"line":48,"column":29}},"loc":{"start":{"line":48,"column":37},"end":{"line":60,"column":3}}},"8":{"name":"(anonymous_9)","decl":{"start":{"line":51,"column":26},"end":{"line":51,"column":27}},"loc":{"start":{"line":51,"column":72},"end":{"line":59,"column":5}}},"9":{"name":"outputJSON","decl":{"start":{"line":64,"column":22},"end":{"line":64,"column":32}},"loc":{"start":{"line":64,"column":63},"end":{"line":75,"column":1}}}},"branchMap":{"0":{"loc":{"start":{"line":19,"column":2},"end":{"line":21,"column":null}},"type":"if","locations":[{"start":{"line":19,"column":2},"end":{"line":21,"column":null}},{"start":{"line":19,"column":2},"end":{"line":21,"column":null}}]},"1":{"loc":{"start":{"line":52,"column":6},"end":{"line":56,"column":null}},"type":"if","locations":[{"start":{"line":52,"column":6},"end":{"line":56,"column":null}},{"start":{"line":52,"column":6},"end":{"line":56,"column":null}}]},"2":{"loc":{"start":{"line":67,"column":2},"end":{"line":69,"column":null}},"type":"if","locations":[{"start":{"line":67,"column":2},"end":{"line":69,"column":null}},{"start":{"line":67,"column":2},"end":{"line":69,"column":null}}]}},"s":{"0":1,"1":1,"2":6,"3":6,"4":3,"5":3,"6":1,"7":2,"8":2,"9":1,"10":1,"11":1,"12":1,"13":3,"14":10,"15":1,"16":3,"17":12,"18":1,"19":2,"20":2,"21":2,"22":2,"23":2,"24":8,"25":1,"26":7,"27":8,"28":1,"29":2,"30":2,"31":1,"32":1,"33":1},"f":{"0":6,"1":2,"2":3,"3":10,"4":3,"5":12,"6":2,"7":2,"8":8,"9":2},"b":{"0":[1,1],"1":[1,7],"2":[1,1]}}
}
