TN:
SF:src/index.ts
FN:5,validateFilePath
FN:16,readCSV
FN:30,splitByLine
FN:33,(anonymous_4)
FN:38,getHeaders
FN:39,(anonymous_6)
FN:43,mapCSV
FN:48,(anonymous_8)
FN:51,(anonymous_9)
FN:64,outputJSON
FNF:10
FNH:10
FNDA:6,validateFilePath
FNDA:2,readCSV
FNDA:3,splitByLine
FNDA:10,(anonymous_4)
FNDA:3,getHeaders
FNDA:12,(anonymous_6)
FNDA:2,mapCSV
FNDA:2,(anonymous_8)
FNDA:8,(anonymous_9)
FNDA:2,outputJSON
DA:1,1
DA:2,1
DA:5,1
DA:6,6
DA:7,6
DA:9,3
DA:11,3
DA:16,1
DA:17,2
DA:19,2
DA:20,1
DA:23,1
DA:27,1
DA:30,1
DA:31,3
DA:33,10
DA:38,1
DA:39,12
DA:43,1
DA:44,2
DA:46,2
DA:48,2
DA:49,2
DA:51,2
DA:52,8
DA:53,1
DA:55,7
DA:58,8
DA:64,1
DA:65,2
DA:67,2
DA:68,1
DA:71,1
LF:33
LH:33
BRDA:19,0,0,1
BRDA:19,0,1,1
BRDA:52,1,0,1
BRDA:52,1,1,7
BRDA:67,2,0,1
BRDA:67,2,1,1
BRF:6
BRH:6
end_of_record
